0 info it worked if it ends with ok
1 verbose cli [ '/Users/wangning/.nvm/versions/node/v6.0.0/bin/node',
1 verbose cli   '/Users/wangning/.nvm/versions/node/v6.0.0/bin/npm',
1 verbose cli   'install',
1 verbose cli   'autoprefixer',
1 verbose cli   'save--dev' ]
2 info using npm@3.8.6
3 info using node@v6.0.0
4 silly loadCurrentTree Starting
5 silly install loadCurrentTree
6 silly install readLocalPackageData
7 silly fetchPackageMetaData autoprefixer
8 silly fetchPackageMetaData save--dev
9 silly fetchNamedPackageData autoprefixer
10 silly mapToRegistry name autoprefixer
11 silly mapToRegistry using default registry
12 silly mapToRegistry registry https://registry.npmjs.org/
13 silly mapToRegistry data Result {
13 silly mapToRegistry   raw: 'autoprefixer',
13 silly mapToRegistry   scope: null,
13 silly mapToRegistry   name: 'autoprefixer',
13 silly mapToRegistry   rawSpec: '',
13 silly mapToRegistry   spec: 'latest',
13 silly mapToRegistry   type: 'tag' }
14 silly mapToRegistry uri https://registry.npmjs.org/autoprefixer
15 silly fetchNamedPackageData save--dev
16 silly mapToRegistry name save--dev
17 silly mapToRegistry using default registry
18 silly mapToRegistry registry https://registry.npmjs.org/
19 silly mapToRegistry data Result {
19 silly mapToRegistry   raw: 'save--dev',
19 silly mapToRegistry   scope: null,
19 silly mapToRegistry   name: 'save--dev',
19 silly mapToRegistry   rawSpec: '',
19 silly mapToRegistry   spec: 'latest',
19 silly mapToRegistry   type: 'tag' }
20 silly mapToRegistry uri https://registry.npmjs.org/save--dev
21 verbose request uri https://registry.npmjs.org/save--dev
22 verbose request no auth needed
23 info attempt registry request try #1 at 3:43:28 PM
24 verbose request id 1fa40817a79049cc
25 http request GET https://registry.npmjs.org/save--dev
26 verbose request uri https://registry.npmjs.org/autoprefixer
27 verbose request no auth needed
28 info attempt registry request try #1 at 3:43:28 PM
29 verbose etag "ER1W88AK9R1G05ID89FUMCC8N"
30 http request GET https://registry.npmjs.org/autoprefixer
31 http 200 https://registry.npmjs.org/autoprefixer
32 verbose headers { server: 'CouchDB/1.6.1 (Erlang OTP/R16B03)',
32 verbose headers   etag: '"CDAWLZ9TEE767WZUJEG9O4HZF"',
32 verbose headers   'content-type': 'application/json',
32 verbose headers   'content-encoding': 'gzip',
32 verbose headers   'cache-control': 'max-age=300',
32 verbose headers   'content-length': '21618',
32 verbose headers   'accept-ranges': 'bytes',
32 verbose headers   date: 'Sat, 22 Oct 2016 07:43:30 GMT',
32 verbose headers   via: '1.1 varnish',
32 verbose headers   age: '218',
32 verbose headers   connection: 'keep-alive',
32 verbose headers   'x-served-by': 'cache-lcy1121-LCY',
32 verbose headers   'x-cache': 'HIT',
32 verbose headers   'x-cache-hits': '1',
32 verbose headers   'x-timer': 'S1477122210.205876,VS0,VE0',
32 verbose headers   vary: 'Accept-Encoding' }
33 silly get cb [ 200,
33 silly get   { server: 'CouchDB/1.6.1 (Erlang OTP/R16B03)',
33 silly get     etag: '"CDAWLZ9TEE767WZUJEG9O4HZF"',
33 silly get     'content-type': 'application/json',
33 silly get     'content-encoding': 'gzip',
33 silly get     'cache-control': 'max-age=300',
33 silly get     'content-length': '21618',
33 silly get     'accept-ranges': 'bytes',
33 silly get     date: 'Sat, 22 Oct 2016 07:43:30 GMT',
33 silly get     via: '1.1 varnish',
33 silly get     age: '218',
33 silly get     connection: 'keep-alive',
33 silly get     'x-served-by': 'cache-lcy1121-LCY',
33 silly get     'x-cache': 'HIT',
33 silly get     'x-cache-hits': '1',
33 silly get     'x-timer': 'S1477122210.205876,VS0,VE0',
33 silly get     vary: 'Accept-Encoding' } ]
34 verbose get saving autoprefixer to /Users/wangning/.npm/registry.npmjs.org/autoprefixer/.cache.json
35 verbose correctMkdir /Users/wangning/.npm correctMkdir not in flight; initializing
36 http 404 https://registry.npmjs.org/save--dev
37 verbose headers { 'content-type': 'application/json',
37 verbose headers   'cache-control': 'max-age=0',
37 verbose headers   'content-length': '2',
37 verbose headers   'accept-ranges': 'bytes',
37 verbose headers   date: 'Sat, 22 Oct 2016 07:43:34 GMT',
37 verbose headers   via: '1.1 varnish',
37 verbose headers   age: '0',
37 verbose headers   connection: 'keep-alive',
37 verbose headers   'x-served-by': 'cache-lcy1142-LCY',
37 verbose headers   'x-cache': 'MISS',
37 verbose headers   'x-cache-hits': '0',
37 verbose headers   'x-timer': 'S1477122214.587550,VS0,VE353',
37 verbose headers   vary: 'Accept-Encoding' }
38 silly get cb [ 404,
38 silly get   { 'content-type': 'application/json',
38 silly get     'cache-control': 'max-age=0',
38 silly get     'content-length': '2',
38 silly get     'accept-ranges': 'bytes',
38 silly get     date: 'Sat, 22 Oct 2016 07:43:34 GMT',
38 silly get     via: '1.1 varnish',
38 silly get     age: '0',
38 silly get     connection: 'keep-alive',
38 silly get     'x-served-by': 'cache-lcy1142-LCY',
38 silly get     'x-cache': 'MISS',
38 silly get     'x-cache-hits': '0',
38 silly get     'x-timer': 'S1477122214.587550,VS0,VE353',
38 silly get     vary: 'Accept-Encoding' } ]
39 silly fetchPackageMetaData Error: Registry returned 404 for GET on https://registry.npmjs.org/save--dev
39 silly fetchPackageMetaData     at makeError (/Users/wangning/.nvm/versions/node/v6.0.0/lib/node_modules/npm/node_modules/npm-registry-client/lib/request.js:264:12)
39 silly fetchPackageMetaData     at CachingRegistryClient.<anonymous> (/Users/wangning/.nvm/versions/node/v6.0.0/lib/node_modules/npm/node_modules/npm-registry-client/lib/request.js:242:14)
39 silly fetchPackageMetaData     at Request._callback (/Users/wangning/.nvm/versions/node/v6.0.0/lib/node_modules/npm/node_modules/npm-registry-client/lib/request.js:172:14)
39 silly fetchPackageMetaData     at Request.self.callback (/Users/wangning/.nvm/versions/node/v6.0.0/lib/node_modules/npm/node_modules/request/request.js:199:22)
39 silly fetchPackageMetaData     at emitTwo (events.js:106:13)
39 silly fetchPackageMetaData     at Request.emit (events.js:191:7)
39 silly fetchPackageMetaData     at Request.<anonymous> (/Users/wangning/.nvm/versions/node/v6.0.0/lib/node_modules/npm/node_modules/request/request.js:1036:10)
39 silly fetchPackageMetaData     at emitOne (events.js:101:20)
39 silly fetchPackageMetaData     at Request.emit (events.js:188:7)
39 silly fetchPackageMetaData     at IncomingMessage.<anonymous> (/Users/wangning/.nvm/versions/node/v6.0.0/lib/node_modules/npm/node_modules/request/request.js:963:12)
39 silly fetchPackageMetaData  error for save--dev { Error: Registry returned 404 for GET on https://registry.npmjs.org/save--dev
39 silly fetchPackageMetaData     at makeError (/Users/wangning/.nvm/versions/node/v6.0.0/lib/node_modules/npm/node_modules/npm-registry-client/lib/request.js:264:12)
39 silly fetchPackageMetaData     at CachingRegistryClient.<anonymous> (/Users/wangning/.nvm/versions/node/v6.0.0/lib/node_modules/npm/node_modules/npm-registry-client/lib/request.js:242:14)
39 silly fetchPackageMetaData     at Request._callback (/Users/wangning/.nvm/versions/node/v6.0.0/lib/node_modules/npm/node_modules/npm-registry-client/lib/request.js:172:14)
39 silly fetchPackageMetaData     at Request.self.callback (/Users/wangning/.nvm/versions/node/v6.0.0/lib/node_modules/npm/node_modules/request/request.js:199:22)
39 silly fetchPackageMetaData     at emitTwo (events.js:106:13)
39 silly fetchPackageMetaData     at Request.emit (events.js:191:7)
39 silly fetchPackageMetaData     at Request.<anonymous> (/Users/wangning/.nvm/versions/node/v6.0.0/lib/node_modules/npm/node_modules/request/request.js:1036:10)
39 silly fetchPackageMetaData     at emitOne (events.js:101:20)
39 silly fetchPackageMetaData     at Request.emit (events.js:188:7)
39 silly fetchPackageMetaData     at IncomingMessage.<anonymous> (/Users/wangning/.nvm/versions/node/v6.0.0/lib/node_modules/npm/node_modules/request/request.js:963:12) pkgid: 'save--dev', statusCode: 404, code: 'E404' }
40 silly rollbackFailedOptional Starting
41 silly rollbackFailedOptional Finishing
42 silly runTopLevelLifecycles Starting
43 silly runTopLevelLifecycles Finishing
44 silly install printInstalled
45 verbose stack Error: Registry returned 404 for GET on https://registry.npmjs.org/save--dev
45 verbose stack     at makeError (/Users/wangning/.nvm/versions/node/v6.0.0/lib/node_modules/npm/node_modules/npm-registry-client/lib/request.js:264:12)
45 verbose stack     at CachingRegistryClient.<anonymous> (/Users/wangning/.nvm/versions/node/v6.0.0/lib/node_modules/npm/node_modules/npm-registry-client/lib/request.js:242:14)
45 verbose stack     at Request._callback (/Users/wangning/.nvm/versions/node/v6.0.0/lib/node_modules/npm/node_modules/npm-registry-client/lib/request.js:172:14)
45 verbose stack     at Request.self.callback (/Users/wangning/.nvm/versions/node/v6.0.0/lib/node_modules/npm/node_modules/request/request.js:199:22)
45 verbose stack     at emitTwo (events.js:106:13)
45 verbose stack     at Request.emit (events.js:191:7)
45 verbose stack     at Request.<anonymous> (/Users/wangning/.nvm/versions/node/v6.0.0/lib/node_modules/npm/node_modules/request/request.js:1036:10)
45 verbose stack     at emitOne (events.js:101:20)
45 verbose stack     at Request.emit (events.js:188:7)
45 verbose stack     at IncomingMessage.<anonymous> (/Users/wangning/.nvm/versions/node/v6.0.0/lib/node_modules/npm/node_modules/request/request.js:963:12)
46 verbose statusCode 404
47 verbose pkgid save--dev
48 verbose cwd /Users/wangning/Desktop/for_work/webpack_cli
49 error Darwin 16.0.0
50 error argv "/Users/wangning/.nvm/versions/node/v6.0.0/bin/node" "/Users/wangning/.nvm/versions/node/v6.0.0/bin/npm" "install" "autoprefixer" "save--dev"
51 error node v6.0.0
52 error npm  v3.8.6
53 error code E404
54 error 404 Registry returned 404 for GET on https://registry.npmjs.org/save--dev
55 error 404
56 error 404 'save--dev' is not in the npm registry.
57 error 404 You should bug the author to publish it (or use the name yourself!)
58 error 404 Note that you can also install from a
59 error 404 tarball, folder, http url, or git url.
60 verbose exit [ 1, true ]
